<?xml version="1.0" encoding="UTF-8"?>
<testng-results ignored="0" total="1" passed="1" failed="0" skipped="0">
  <reporter-output>
  </reporter-output>
  <suite started-at="2022-07-07T12:55:35Z" name="Default suite" finished-at="2022-07-07T12:55:45Z" duration-ms="9548">
    <groups>
    </groups>
    <test started-at="2022-07-07T12:55:35Z" name="Default test" finished-at="2022-07-07T12:55:45Z" duration-ms="9548">
      <class name="com.at.HtmlCanvasStudio.TestClass">
        <test-method is-config="true" signature="setUp()[pri:0, instance:com.at.HtmlCanvasStudio.TestClass@359df09a]" started-at="2022-07-07T12:55:35Z" name="setUp" finished-at="2022-07-07T12:55:42Z" duration-ms="7215" status="PASS">
          <reporter-output>
          </reporter-output>
        </test-method> <!-- setUp -->
        <test-method signature="drawLines()[pri:0, instance:com.at.HtmlCanvasStudio.TestClass@359df09a]" started-at="2022-07-07T12:55:42Z" name="drawLines" finished-at="2022-07-07T12:55:44Z" duration-ms="1937" status="PASS">
          <reporter-output>
          </reporter-output>
        </test-method> <!-- drawLines -->
        <test-method is-config="true" signature="quit()[pri:0, instance:com.at.HtmlCanvasStudio.TestClass@359df09a]" started-at="2022-07-07T12:55:44Z" name="quit" finished-at="2022-07-07T12:55:45Z" duration-ms="378" status="PASS">
          <reporter-output>
          </reporter-output>
        </test-method> <!-- quit -->
      </class> <!-- com.at.HtmlCanvasStudio.TestClass -->
    </test> <!-- Default test -->
  </suite> <!-- Default suite -->
</testng-results>
